0 info it worked if it ends with ok
1 verbose cli [ 'F:\\Program Files\\nodejs\\node.exe',
1 verbose cli   'C:\\Users\\ch\\AppData\\Roaming\\npm\\node_modules\\npm\\bin\\npm-cli.js',
1 verbose cli   'install' ]
2 info using npm@4.1.2
3 info using node@v6.9.2
4 silly loadCurrentTree Starting
5 silly install loadCurrentTree
6 silly install readLocalPackageData
7 silly install normalizeTree
8 silly loadCurrentTree Finishing
9 silly loadIdealTree Starting
10 silly install loadIdealTree
11 silly cloneCurrentTree Starting
12 silly install cloneCurrentTreeToIdealTree
13 silly cloneCurrentTree Finishing
14 silly loadShrinkwrap Starting
15 silly install loadShrinkwrap
16 silly loadShrinkwrap Finishing
17 silly loadAllDepsIntoIdealTree Starting
18 silly install loadAllDepsIntoIdealTree
19 silly fetchNamedPackageData grunt-contrib-imagemin
20 silly mapToRegistry name grunt-contrib-imagemin
21 silly mapToRegistry using default registry
22 silly mapToRegistry registry https://registry.npmjs.org/
23 silly mapToRegistry data Result {
23 silly mapToRegistry   raw: 'grunt-contrib-imagemin',
23 silly mapToRegistry   scope: null,
23 silly mapToRegistry   escapedName: 'grunt-contrib-imagemin',
23 silly mapToRegistry   name: 'grunt-contrib-imagemin',
23 silly mapToRegistry   rawSpec: '',
23 silly mapToRegistry   spec: 'latest',
23 silly mapToRegistry   type: 'tag' }
24 silly mapToRegistry uri https://registry.npmjs.org/grunt-contrib-imagemin
25 verbose request uri https://registry.npmjs.org/grunt-contrib-imagemin
26 verbose request no auth needed
27 info attempt registry request try #1 at 00:27:52
28 verbose request using bearer token for auth
29 verbose request id 19f3da194121530c
30 verbose etag W/"58affce3-f585"
31 verbose lastModified Fri, 24 Feb 2017 09:29:07 GMT
32 http request GET https://registry.npmjs.org/grunt-contrib-imagemin
33 http 304 https://registry.npmjs.org/grunt-contrib-imagemin
34 verbose headers { server: 'nginx/1.10.1',
34 verbose headers   'last-modified': 'Fri, 24 Feb 2017 09:29:07 GMT',
34 verbose headers   etag: '"58affce3-f585"',
34 verbose headers   'cache-control': 'max-age=300',
34 verbose headers   'accept-ranges': 'bytes',
34 verbose headers   date: 'Tue, 04 Apr 2017 15:27:51 GMT',
34 verbose headers   via: '1.1 varnish',
34 verbose headers   connection: 'keep-alive',
34 verbose headers   'x-served-by': 'cache-nrt6133-NRT',
34 verbose headers   'x-cache': 'MISS',
34 verbose headers   'x-cache-hits': '0',
34 verbose headers   'x-timer': 'S1491319670.500464,VS0,VE567',
34 verbose headers   vary: 'Accept-Encoding' }
35 silly get cb [ 304,
35 silly get   { server: 'nginx/1.10.1',
35 silly get     'last-modified': 'Fri, 24 Feb 2017 09:29:07 GMT',
35 silly get     etag: '"58affce3-f585"',
35 silly get     'cache-control': 'max-age=300',
35 silly get     'accept-ranges': 'bytes',
35 silly get     date: 'Tue, 04 Apr 2017 15:27:51 GMT',
35 silly get     via: '1.1 varnish',
35 silly get     connection: 'keep-alive',
35 silly get     'x-served-by': 'cache-nrt6133-NRT',
35 silly get     'x-cache': 'MISS',
35 silly get     'x-cache-hits': '0',
35 silly get     'x-timer': 'S1491319670.500464,VS0,VE567',
35 silly get     vary: 'Accept-Encoding' } ]
36 verbose etag https://registry.npmjs.org/grunt-contrib-imagemin from cache
37 verbose get saving grunt-contrib-imagemin to C:\Users\ch\AppData\Roaming\npm-cache\registry.npmjs.org\grunt-contrib-imagemin\.cache.json
38 verbose correctMkdir C:\Users\ch\AppData\Roaming\npm-cache correctMkdir not in flight; initializing
39 silly pickManifestFromRegistryMetadata spec >=0.2.0 <0.3.0 tag latest versions [ '0.1.0',
39 silly pickManifestFromRegistryMetadata   '0.1.1',
39 silly pickManifestFromRegistryMetadata   '0.1.2',
39 silly pickManifestFromRegistryMetadata   '0.1.3',
39 silly pickManifestFromRegistryMetadata   '0.1.4',
39 silly pickManifestFromRegistryMetadata   '0.1.1-rc7',
39 silly pickManifestFromRegistryMetadata   '0.1.1-rc8',
39 silly pickManifestFromRegistryMetadata   '0.2.0',
39 silly pickManifestFromRegistryMetadata   '0.2.1',
39 silly pickManifestFromRegistryMetadata   '0.3.0',
39 silly pickManifestFromRegistryMetadata   '0.4.0',
39 silly pickManifestFromRegistryMetadata   '0.4.1',
39 silly pickManifestFromRegistryMetadata   '0.5.0',
39 silly pickManifestFromRegistryMetadata   '0.6.0',
39 silly pickManifestFromRegistryMetadata   '0.6.1',
39 silly pickManifestFromRegistryMetadata   '0.7.0',
39 silly pickManifestFromRegistryMetadata   '0.7.1',
39 silly pickManifestFromRegistryMetadata   '0.7.2',
39 silly pickManifestFromRegistryMetadata   '0.8.0',
39 silly pickManifestFromRegistryMetadata   '0.8.1',
39 silly pickManifestFromRegistryMetadata   '0.9.0',
39 silly pickManifestFromRegistryMetadata   '0.9.1',
39 silly pickManifestFromRegistryMetadata   '0.9.2',
39 silly pickManifestFromRegistryMetadata   '0.9.3',
39 silly pickManifestFromRegistryMetadata   '0.9.4',
39 silly pickManifestFromRegistryMetadata   '1.0.0',
39 silly pickManifestFromRegistryMetadata   '1.0.1' ]
40 silly resolveWithNewModule grunt-contrib-imagemin@0.2.1 checking installable status
41 silly cache add args [ 'grunt-contrib-imagemin@~0.2.0', null ]
42 verbose cache add spec grunt-contrib-imagemin@~0.2.0
43 silly cache add parsed spec Result {
43 silly cache add   raw: 'grunt-contrib-imagemin@~0.2.0',
43 silly cache add   scope: null,
43 silly cache add   escapedName: 'grunt-contrib-imagemin',
43 silly cache add   name: 'grunt-contrib-imagemin',
43 silly cache add   rawSpec: '~0.2.0',
43 silly cache add   spec: '>=0.2.0 <0.3.0',
43 silly cache add   type: 'range' }
44 silly addNamed grunt-contrib-imagemin@>=0.2.0 <0.3.0
45 verbose addNamed ">=0.2.0 <0.3.0" is a valid semver range for grunt-contrib-imagemin
46 silly addNameRange { name: 'grunt-contrib-imagemin',
46 silly addNameRange   range: '>=0.2.0 <0.3.0',
46 silly addNameRange   hasData: false }
47 silly mapToRegistry name grunt-contrib-imagemin
48 silly mapToRegistry using default registry
49 silly mapToRegistry registry https://registry.npmjs.org/
50 silly mapToRegistry data Result {
50 silly mapToRegistry   raw: 'grunt-contrib-imagemin',
50 silly mapToRegistry   scope: null,
50 silly mapToRegistry   escapedName: 'grunt-contrib-imagemin',
50 silly mapToRegistry   name: 'grunt-contrib-imagemin',
50 silly mapToRegistry   rawSpec: '',
50 silly mapToRegistry   spec: 'latest',
50 silly mapToRegistry   type: 'tag' }
51 silly mapToRegistry uri https://registry.npmjs.org/grunt-contrib-imagemin
52 verbose addNameRange registry:https://registry.npmjs.org/grunt-contrib-imagemin not in flight; fetching
53 verbose get https://registry.npmjs.org/grunt-contrib-imagemin not expired, no request
54 silly addNameRange number 2 { name: 'grunt-contrib-imagemin',
54 silly addNameRange   range: '>=0.2.0 <0.3.0',
54 silly addNameRange   hasData: true }
55 silly addNameRange versions [ 'grunt-contrib-imagemin',
55 silly addNameRange   [ '0.1.0',
55 silly addNameRange     '0.1.1',
55 silly addNameRange     '0.1.2',
55 silly addNameRange     '0.1.3',
55 silly addNameRange     '0.1.4',
55 silly addNameRange     '0.1.1-rc7',
55 silly addNameRange     '0.1.1-rc8',
55 silly addNameRange     '0.2.0',
55 silly addNameRange     '0.2.1',
55 silly addNameRange     '0.3.0',
55 silly addNameRange     '0.4.0',
55 silly addNameRange     '0.4.1',
55 silly addNameRange     '0.5.0',
55 silly addNameRange     '0.6.0',
55 silly addNameRange     '0.6.1',
55 silly addNameRange     '0.7.0',
55 silly addNameRange     '0.7.1',
55 silly addNameRange     '0.7.2',
55 silly addNameRange     '0.8.0',
55 silly addNameRange     '0.8.1',
55 silly addNameRange     '0.9.0',
55 silly addNameRange     '0.9.1',
55 silly addNameRange     '0.9.2',
55 silly addNameRange     '0.9.3',
55 silly addNameRange     '0.9.4',
55 silly addNameRange     '1.0.0',
55 silly addNameRange     '1.0.1' ] ]
56 silly pickManifestFromRegistryMetadata spec >=0.2.0 <0.3.0 tag latest versions [ '0.1.0',
56 silly pickManifestFromRegistryMetadata   '0.1.1',
56 silly pickManifestFromRegistryMetadata   '0.1.2',
56 silly pickManifestFromRegistryMetadata   '0.1.3',
56 silly pickManifestFromRegistryMetadata   '0.1.4',
56 silly pickManifestFromRegistryMetadata   '0.1.1-rc7',
56 silly pickManifestFromRegistryMetadata   '0.1.1-rc8',
56 silly pickManifestFromRegistryMetadata   '0.2.0',
56 silly pickManifestFromRegistryMetadata   '0.2.1',
56 silly pickManifestFromRegistryMetadata   '0.3.0',
56 silly pickManifestFromRegistryMetadata   '0.4.0',
56 silly pickManifestFromRegistryMetadata   '0.4.1',
56 silly pickManifestFromRegistryMetadata   '0.5.0',
56 silly pickManifestFromRegistryMetadata   '0.6.0',
56 silly pickManifestFromRegistryMetadata   '0.6.1',
56 silly pickManifestFromRegistryMetadata   '0.7.0',
56 silly pickManifestFromRegistryMetadata   '0.7.1',
56 silly pickManifestFromRegistryMetadata   '0.7.2',
56 silly pickManifestFromRegistryMetadata   '0.8.0',
56 silly pickManifestFromRegistryMetadata   '0.8.1',
56 silly pickManifestFromRegistryMetadata   '0.9.0',
56 silly pickManifestFromRegistryMetadata   '0.9.1',
56 silly pickManifestFromRegistryMetadata   '0.9.2',
56 silly pickManifestFromRegistryMetadata   '0.9.3',
56 silly pickManifestFromRegistryMetadata   '0.9.4',
56 silly pickManifestFromRegistryMetadata   '1.0.0',
56 silly pickManifestFromRegistryMetadata   '1.0.1' ]
57 silly addNamed grunt-contrib-imagemin@0.2.1
58 verbose addNamed "0.2.1" is a plain semver version for grunt-contrib-imagemin
59 silly cache afterAdd grunt-contrib-imagemin@0.2.1
60 verbose afterAdd C:\Users\ch\AppData\Roaming\npm-cache\grunt-contrib-imagemin\0.2.1\package\package.json not in flight; writing
61 verbose correctMkdir C:\Users\ch\AppData\Roaming\npm-cache correctMkdir not in flight; initializing
62 verbose afterAdd C:\Users\ch\AppData\Roaming\npm-cache\grunt-contrib-imagemin\0.2.1\package\package.json written
63 silly fetchNamedPackageData gifsicle
64 silly mapToRegistry name gifsicle
65 silly mapToRegistry using default registry
66 silly mapToRegistry registry https://registry.npmjs.org/
67 silly mapToRegistry data Result {
67 silly mapToRegistry   raw: 'gifsicle',
67 silly mapToRegistry   scope: null,
67 silly mapToRegistry   escapedName: 'gifsicle',
67 silly mapToRegistry   name: 'gifsicle',
67 silly mapToRegistry   rawSpec: '',
67 silly mapToRegistry   spec: 'latest',
67 silly mapToRegistry   type: 'tag' }
68 silly mapToRegistry uri https://registry.npmjs.org/gifsicle
69 verbose request uri https://registry.npmjs.org/gifsicle
70 verbose request no auth needed
71 info attempt registry request try #1 at 00:27:53
72 verbose request using bearer token for auth
73 verbose etag W/"58da2ef3-73a9"
74 verbose lastModified Tue, 28 Mar 2017 09:37:55 GMT
75 http request GET https://registry.npmjs.org/gifsicle
76 http 304 https://registry.npmjs.org/gifsicle
77 verbose headers { server: 'nginx/1.10.1',
77 verbose headers   'last-modified': 'Tue, 28 Mar 2017 09:37:55 GMT',
77 verbose headers   etag: '"58da2ef3-73a9"',
77 verbose headers   'cache-control': 'max-age=300',
77 verbose headers   'accept-ranges': 'bytes',
77 verbose headers   date: 'Tue, 04 Apr 2017 15:27:51 GMT',
77 verbose headers   via: '1.1 varnish',
77 verbose headers   connection: 'keep-alive',
77 verbose headers   'x-served-by': 'cache-nrt6133-NRT',
77 verbose headers   'x-cache': 'MISS',
77 verbose headers   'x-cache-hits': '0',
77 verbose headers   'x-timer': 'S1491319671.204248,VS0,VE128',
77 verbose headers   vary: 'Accept-Encoding' }
78 silly get cb [ 304,
78 silly get   { server: 'nginx/1.10.1',
78 silly get     'last-modified': 'Tue, 28 Mar 2017 09:37:55 GMT',
78 silly get     etag: '"58da2ef3-73a9"',
78 silly get     'cache-control': 'max-age=300',
78 silly get     'accept-ranges': 'bytes',
78 silly get     date: 'Tue, 04 Apr 2017 15:27:51 GMT',
78 silly get     via: '1.1 varnish',
78 silly get     connection: 'keep-alive',
78 silly get     'x-served-by': 'cache-nrt6133-NRT',
78 silly get     'x-cache': 'MISS',
78 silly get     'x-cache-hits': '0',
78 silly get     'x-timer': 'S1491319671.204248,VS0,VE128',
78 silly get     vary: 'Accept-Encoding' } ]
79 verbose etag https://registry.npmjs.org/gifsicle from cache
80 verbose get saving gifsicle to C:\Users\ch\AppData\Roaming\npm-cache\registry.npmjs.org\gifsicle\.cache.json
81 verbose correctMkdir C:\Users\ch\AppData\Roaming\npm-cache correctMkdir not in flight; initializing
82 silly pickManifestFromRegistryMetadata spec >=0.1.0 <0.2.0 tag latest versions [ '0.1.0',
82 silly pickManifestFromRegistryMetadata   '0.1.1',
82 silly pickManifestFromRegistryMetadata   '0.1.2',
82 silly pickManifestFromRegistryMetadata   '0.1.3',
82 silly pickManifestFromRegistryMetadata   '0.1.4',
82 silly pickManifestFromRegistryMetadata   '0.1.5',
82 silly pickManifestFromRegistryMetadata   '0.1.6',
82 silly pickManifestFromRegistryMetadata   '0.1.7',
82 silly pickManifestFromRegistryMetadata   '1.0.0',
82 silly pickManifestFromRegistryMetadata   '1.0.1',
82 silly pickManifestFromRegistryMetadata   '1.0.2',
82 silly pickManifestFromRegistryMetadata   '1.0.3',
82 silly pickManifestFromRegistryMetadata   '2.0.0',
82 silly pickManifestFromRegistryMetadata   '2.0.1',
82 silly pickManifestFromRegistryMetadata   '3.0.0',
82 silly pickManifestFromRegistryMetadata   '3.0.1',
82 silly pickManifestFromRegistryMetadata   '3.0.2',
82 silly pickManifestFromRegistryMetadata   '3.0.3',
82 silly pickManifestFromRegistryMetadata   '3.0.4' ]
83 silly resolveWithNewModule gifsicle@0.1.7 checking installable status
84 silly cache add args [ 'gifsicle@~0.1.0', null ]
85 verbose cache add spec gifsicle@~0.1.0
86 silly cache add parsed spec Result {
86 silly cache add   raw: 'gifsicle@~0.1.0',
86 silly cache add   scope: null,
86 silly cache add   escapedName: 'gifsicle',
86 silly cache add   name: 'gifsicle',
86 silly cache add   rawSpec: '~0.1.0',
86 silly cache add   spec: '>=0.1.0 <0.2.0',
86 silly cache add   type: 'range' }
87 silly addNamed gifsicle@>=0.1.0 <0.2.0
88 verbose addNamed ">=0.1.0 <0.2.0" is a valid semver range for gifsicle
89 silly addNameRange { name: 'gifsicle', range: '>=0.1.0 <0.2.0', hasData: false }
90 silly mapToRegistry name gifsicle
91 silly mapToRegistry using default registry
92 silly mapToRegistry registry https://registry.npmjs.org/
93 silly mapToRegistry data Result {
93 silly mapToRegistry   raw: 'gifsicle',
93 silly mapToRegistry   scope: null,
93 silly mapToRegistry   escapedName: 'gifsicle',
93 silly mapToRegistry   name: 'gifsicle',
93 silly mapToRegistry   rawSpec: '',
93 silly mapToRegistry   spec: 'latest',
93 silly mapToRegistry   type: 'tag' }
94 silly mapToRegistry uri https://registry.npmjs.org/gifsicle
95 verbose addNameRange registry:https://registry.npmjs.org/gifsicle not in flight; fetching
96 verbose get https://registry.npmjs.org/gifsicle not expired, no request
97 silly addNameRange number 2 { name: 'gifsicle', range: '>=0.1.0 <0.2.0', hasData: true }
98 silly addNameRange versions [ 'gifsicle',
98 silly addNameRange   [ '0.1.0',
98 silly addNameRange     '0.1.1',
98 silly addNameRange     '0.1.2',
98 silly addNameRange     '0.1.3',
98 silly addNameRange     '0.1.4',
98 silly addNameRange     '0.1.5',
98 silly addNameRange     '0.1.6',
98 silly addNameRange     '0.1.7',
98 silly addNameRange     '1.0.0',
98 silly addNameRange     '1.0.1',
98 silly addNameRange     '1.0.2',
98 silly addNameRange     '1.0.3',
98 silly addNameRange     '2.0.0',
98 silly addNameRange     '2.0.1',
98 silly addNameRange     '3.0.0',
98 silly addNameRange     '3.0.1',
98 silly addNameRange     '3.0.2',
98 silly addNameRange     '3.0.3',
98 silly addNameRange     '3.0.4' ] ]
99 silly pickManifestFromRegistryMetadata spec >=0.1.0 <0.2.0 tag latest versions [ '0.1.0',
99 silly pickManifestFromRegistryMetadata   '0.1.1',
99 silly pickManifestFromRegistryMetadata   '0.1.2',
99 silly pickManifestFromRegistryMetadata   '0.1.3',
99 silly pickManifestFromRegistryMetadata   '0.1.4',
99 silly pickManifestFromRegistryMetadata   '0.1.5',
99 silly pickManifestFromRegistryMetadata   '0.1.6',
99 silly pickManifestFromRegistryMetadata   '0.1.7',
99 silly pickManifestFromRegistryMetadata   '1.0.0',
99 silly pickManifestFromRegistryMetadata   '1.0.1',
99 silly pickManifestFromRegistryMetadata   '1.0.2',
99 silly pickManifestFromRegistryMetadata   '1.0.3',
99 silly pickManifestFromRegistryMetadata   '2.0.0',
99 silly pickManifestFromRegistryMetadata   '2.0.1',
99 silly pickManifestFromRegistryMetadata   '3.0.0',
99 silly pickManifestFromRegistryMetadata   '3.0.1',
99 silly pickManifestFromRegistryMetadata   '3.0.2',
99 silly pickManifestFromRegistryMetadata   '3.0.3',
99 silly pickManifestFromRegistryMetadata   '3.0.4' ]
100 silly addNamed gifsicle@0.1.7
101 verbose addNamed "0.1.7" is a plain semver version for gifsicle
102 silly cache afterAdd gifsicle@0.1.7
103 verbose afterAdd C:\Users\ch\AppData\Roaming\npm-cache\gifsicle\0.1.7\package\package.json not in flight; writing
104 verbose correctMkdir C:\Users\ch\AppData\Roaming\npm-cache correctMkdir not in flight; initializing
105 verbose afterAdd C:\Users\ch\AppData\Roaming\npm-cache\gifsicle\0.1.7\package\package.json written
106 silly loadAllDepsIntoIdealTree Finishing
107 silly loadIdealTree Finishing
108 silly currentTree so-simple-theme@
108 silly currentTree +-- abbrev@1.1.0
108 silly currentTree +-- adm-zip@0.4.7
108 silly currentTree +-- ajv@4.11.5
108 silly currentTree +-- amdefine@1.0.1
108 silly currentTree +-- ansi-regex@2.1.1
108 silly currentTree +-- ansi-styles@0.2.0
108 silly currentTree +-- argparse@0.1.16
108 silly currentTree | `-- underscore.string@2.4.0
108 silly currentTree +-- asn1@0.2.3
108 silly currentTree +-- assert-plus@0.2.0
108 silly currentTree +-- async@0.1.22
108 silly currentTree +-- asynckit@0.4.0
108 silly currentTree +-- aws-sign2@0.6.0
108 silly currentTree +-- aws4@1.6.0
108 silly currentTree +-- bcrypt-pbkdf@1.0.1
108 silly currentTree +-- bin-build@0.1.1
108 silly currentTree +-- bin-check@0.1.5
108 silly currentTree +-- bin-wrapper@0.3.4
108 silly currentTree +-- block-stream@0.0.9
108 silly currentTree +-- boom@2.10.1
108 silly currentTree +-- camelcase@1.2.1
108 silly currentTree +-- caseless@0.12.0
108 silly currentTree +-- chalk@0.2.1
108 silly currentTree +-- cli@0.4.5
108 silly currentTree +-- co@4.6.0
108 silly currentTree +-- coa@0.3.9
108 silly currentTree +-- coffee-script@1.3.3
108 silly currentTree +-- colors@0.6.2
108 silly currentTree +-- combined-stream@1.0.5
108 silly currentTree +-- console-browserify@0.1.6
108 silly currentTree +-- core-util-is@1.0.2
108 silly currentTree +-- cryptiles@2.0.5
108 silly currentTree +-- dashdash@1.14.1
108 silly currentTree | `-- assert-plus@1.0.0
108 silly currentTree +-- dateformat@1.0.2-1.2.3
108 silly currentTree +-- debug@0.7.4
108 silly currentTree +-- decamelize@1.2.0
108 silly currentTree +-- decompress@0.2.5
108 silly currentTree | `-- nopt@2.2.1
108 silly currentTree +-- delayed-stream@1.0.0
108 silly currentTree +-- download@0.1.19
108 silly currentTree | `-- nopt@2.2.1
108 silly currentTree +-- duplexer@0.1.1
108 silly currentTree +-- each-async@0.1.3
108 silly currentTree +-- ecc-jsbn@0.1.1
108 silly currentTree +-- escape-string-regexp@1.0.5
108 silly currentTree +-- esprima@1.0.4
108 silly currentTree +-- eventemitter2@0.4.14
108 silly currentTree +-- executable@0.1.3
108 silly currentTree +-- exit@0.1.2
108 silly currentTree +-- ext-list@0.2.0
108 silly currentTree +-- ext-name@1.0.1
108 silly currentTree | `-- underscore.string@2.3.3
108 silly currentTree +-- extend@3.0.0
108 silly currentTree +-- extsprintf@1.0.2
108 silly currentTree +-- faye-websocket@0.4.4
108 silly currentTree +-- filesize@1.10.0
108 silly currentTree +-- find-file@0.1.4
108 silly currentTree +-- findup-sync@0.1.3
108 silly currentTree | +-- glob@3.2.11
108 silly currentTree | +-- lodash@2.4.2
108 silly currentTree | `-- minimatch@0.3.0
108 silly currentTree +-- forever-agent@0.6.1
108 silly currentTree +-- form-data@2.1.2
108 silly currentTree +-- fstream@0.1.31
108 silly currentTree | +-- graceful-fs@3.0.11
108 silly currentTree | `-- mkdirp@0.5.1
108 silly currentTree +-- gaze@0.4.3
108 silly currentTree +-- get-stdin@0.1.0
108 silly currentTree +-- get-urls@0.1.2
108 silly currentTree +-- getobject@0.1.0
108 silly currentTree +-- getpass@0.1.6
108 silly currentTree | `-- assert-plus@1.0.0
108 silly currentTree +-- glob@3.1.21
108 silly currentTree | `-- inherits@1.0.2
108 silly currentTree +-- globule@0.1.0
108 silly currentTree | `-- lodash@1.0.2
108 silly currentTree +-- got@0.2.0
108 silly currentTree +-- graceful-fs@1.2.3
108 silly currentTree +-- grunt-contrib-clean@0.5.0
108 silly currentTree +-- grunt-contrib-jshint@0.6.5
108 silly currentTree +-- grunt-contrib-uglify@0.2.7
108 silly currentTree +-- grunt-contrib-watch@0.5.3
108 silly currentTree +-- grunt-legacy-log-utils@0.1.1
108 silly currentTree | +-- lodash@2.4.2
108 silly currentTree | `-- underscore.string@2.3.3
108 silly currentTree +-- grunt-legacy-log@0.1.3
108 silly currentTree | +-- lodash@2.4.2
108 silly currentTree | `-- underscore.string@2.3.3
108 silly currentTree +-- grunt-legacy-util@0.2.0
108 silly currentTree +-- grunt-lib-contrib@0.6.1
108 silly currentTree +-- grunt-svgmin@0.2.1
108 silly currentTree | +-- chalk@0.3.0
108 silly currentTree | `-- filesize@2.0.4
108 silly currentTree +-- grunt@0.4.5
108 silly currentTree +-- har-schema@1.0.5
108 silly currentTree +-- har-validator@4.2.1
108 silly currentTree +-- has-ansi@2.0.0
108 silly currentTree +-- has-color@0.1.7
108 silly currentTree +-- hawk@3.1.3
108 silly currentTree +-- hoek@2.16.3
108 silly currentTree +-- hooker@0.2.3
108 silly currentTree +-- http-signature@1.1.1
108 silly currentTree +-- iconv-lite@0.2.11
108 silly currentTree +-- inherits@2.0.3
108 silly currentTree +-- is-typedarray@1.0.0
108 silly currentTree +-- isarray@0.0.1
108 silly currentTree +-- isstream@0.1.2
108 silly currentTree +-- jodid25519@1.0.2
108 silly currentTree +-- jpegtran-bin@0.2.8
108 silly currentTree +-- js-yaml@2.0.5
108 silly currentTree +-- jsbn@0.1.1
108 silly currentTree +-- jshint@2.1.11
108 silly currentTree | `-- underscore@1.4.4
108 silly currentTree +-- json-schema@0.2.3
108 silly currentTree +-- json-stable-stringify@1.0.1
108 silly currentTree +-- json-stringify-safe@5.0.1
108 silly currentTree +-- jsonify@0.0.0
108 silly currentTree +-- jsprim@1.4.0
108 silly currentTree | `-- assert-plus@1.0.0
108 silly currentTree +-- lodash@0.9.2
108 silly currentTree +-- log-symbols@1.0.2
108 silly currentTree | +-- ansi-styles@2.2.1
108 silly currentTree | `-- chalk@1.1.3
108 silly currentTree +-- lru-cache@2.7.3
108 silly currentTree +-- mime-db@1.27.0
108 silly currentTree +-- mime-types@2.1.15
108 silly currentTree +-- minimatch@0.2.14
108 silly currentTree +-- minimist@0.0.8
108 silly currentTree +-- mkdirp@0.3.5
108 silly currentTree +-- mout@0.9.1
108 silly currentTree +-- natives@1.1.0
108 silly currentTree +-- nopt@1.0.10
108 silly currentTree +-- noptify@0.0.3
108 silly currentTree | `-- nopt@2.0.0
108 silly currentTree +-- oauth-sign@0.8.2
108 silly currentTree +-- object-assign@0.3.1
108 silly currentTree +-- object-keys@0.4.0
108 silly currentTree +-- optipng-bin@0.3.11
108 silly currentTree +-- performance-now@0.2.0
108 silly currentTree +-- pngquant-bin@0.1.7
108 silly currentTree | +-- ansi-styles@1.0.0
108 silly currentTree | +-- bin-wrapper@0.2.4
108 silly currentTree | +-- chalk@0.4.0
108 silly currentTree | `-- strip-ansi@0.1.1
108 silly currentTree +-- punycode@1.4.1
108 silly currentTree +-- q@0.8.12
108 silly currentTree +-- qs@6.4.0
108 silly currentTree +-- readable-stream@1.0.34
108 silly currentTree +-- request@2.81.0
108 silly currentTree | `-- uuid@3.0.1
108 silly currentTree +-- rimraf@2.2.8
108 silly currentTree +-- safe-buffer@5.0.1
108 silly currentTree +-- sax@0.5.8
108 silly currentTree +-- shelljs@0.1.4
108 silly currentTree +-- sigmund@1.0.1
108 silly currentTree +-- sntp@1.0.9
108 silly currentTree +-- source-map@0.1.34
108 silly currentTree +-- sprintf-js@1.0.3
108 silly currentTree +-- sshpk@1.11.0
108 silly currentTree | `-- assert-plus@1.0.0
108 silly currentTree +-- stream-combiner@0.0.4
108 silly currentTree +-- string_decoder@0.10.31
108 silly currentTree +-- stringstream@0.0.5
108 silly currentTree +-- strip-ansi@3.0.1
108 silly currentTree +-- supports-color@2.0.0
108 silly currentTree +-- svgo@0.3.7
108 silly currentTree | +-- argparse@1.0.9
108 silly currentTree | +-- esprima@3.1.3
108 silly currentTree | `-- js-yaml@3.8.2
108 silly currentTree +-- tar@0.1.20
108 silly currentTree +-- tempfile@0.1.3
108 silly currentTree +-- through2@0.4.2
108 silly currentTree +-- tiny-lr@0.0.4
108 silly currentTree | `-- qs@0.5.6
108 silly currentTree +-- tough-cookie@2.3.2
108 silly currentTree +-- tunnel-agent@0.6.0
108 silly currentTree +-- tweetnacl@0.14.5
108 silly currentTree +-- uglify-js@2.4.24
108 silly currentTree | `-- async@0.2.10
108 silly currentTree +-- uglify-to-browserify@1.0.2
108 silly currentTree +-- underscore.string@2.2.1
108 silly currentTree +-- underscore@1.7.0
108 silly currentTree +-- uuid@1.4.2
108 silly currentTree +-- verror@1.3.6
108 silly currentTree +-- whet.extend@0.9.9
108 silly currentTree +-- which@1.0.9
108 silly currentTree +-- window-size@0.1.0
108 silly currentTree +-- wordwrap@0.0.2
108 silly currentTree +-- xtend@2.1.2
108 silly currentTree +-- yargs@3.5.4
108 silly currentTree `-- zlib-browserify@0.0.1
109 silly idealTree so-simple-theme@
109 silly idealTree +-- abbrev@1.1.0
109 silly idealTree +-- adm-zip@0.4.7
109 silly idealTree +-- ajv@4.11.5
109 silly idealTree +-- amdefine@1.0.1
109 silly idealTree +-- ansi-regex@2.1.1
109 silly idealTree +-- ansi-styles@0.2.0
109 silly idealTree +-- argparse@0.1.16
109 silly idealTree | `-- underscore.string@2.4.0
109 silly idealTree +-- asn1@0.2.3
109 silly idealTree +-- assert-plus@0.2.0
109 silly idealTree +-- async@0.1.22
109 silly idealTree +-- asynckit@0.4.0
109 silly idealTree +-- aws-sign2@0.6.0
109 silly idealTree +-- aws4@1.6.0
109 silly idealTree +-- bcrypt-pbkdf@1.0.1
109 silly idealTree +-- bin-build@0.1.1
109 silly idealTree +-- bin-check@0.1.5
109 silly idealTree +-- bin-wrapper@0.3.4
109 silly idealTree +-- block-stream@0.0.9
109 silly idealTree +-- boom@2.10.1
109 silly idealTree +-- camelcase@1.2.1
109 silly idealTree +-- caseless@0.12.0
109 silly idealTree +-- chalk@0.2.1
109 silly idealTree +-- cli@0.4.5
109 silly idealTree +-- co@4.6.0
109 silly idealTree +-- coa@0.3.9
109 silly idealTree +-- coffee-script@1.3.3
109 silly idealTree +-- colors@0.6.2
109 silly idealTree +-- combined-stream@1.0.5
109 silly idealTree +-- console-browserify@0.1.6
109 silly idealTree +-- core-util-is@1.0.2
109 silly idealTree +-- cryptiles@2.0.5
109 silly idealTree +-- dashdash@1.14.1
109 silly idealTree | `-- assert-plus@1.0.0
109 silly idealTree +-- dateformat@1.0.2-1.2.3
109 silly idealTree +-- debug@0.7.4
109 silly idealTree +-- decamelize@1.2.0
109 silly idealTree +-- decompress@0.2.5
109 silly idealTree | `-- nopt@2.2.1
109 silly idealTree +-- delayed-stream@1.0.0
109 silly idealTree +-- download@0.1.19
109 silly idealTree | `-- nopt@2.2.1
109 silly idealTree +-- duplexer@0.1.1
109 silly idealTree +-- each-async@0.1.3
109 silly idealTree +-- ecc-jsbn@0.1.1
109 silly idealTree +-- escape-string-regexp@1.0.5
109 silly idealTree +-- esprima@1.0.4
109 silly idealTree +-- eventemitter2@0.4.14
109 silly idealTree +-- executable@0.1.3
109 silly idealTree +-- exit@0.1.2
109 silly idealTree +-- ext-list@0.2.0
109 silly idealTree +-- ext-name@1.0.1
109 silly idealTree | `-- underscore.string@2.3.3
109 silly idealTree +-- extend@3.0.0
109 silly idealTree +-- extsprintf@1.0.2
109 silly idealTree +-- faye-websocket@0.4.4
109 silly idealTree +-- filesize@1.10.0
109 silly idealTree +-- find-file@0.1.4
109 silly idealTree +-- findup-sync@0.1.3
109 silly idealTree | +-- glob@3.2.11
109 silly idealTree | +-- lodash@2.4.2
109 silly idealTree | `-- minimatch@0.3.0
109 silly idealTree +-- forever-agent@0.6.1
109 silly idealTree +-- form-data@2.1.2
109 silly idealTree +-- fstream@0.1.31
109 silly idealTree | +-- graceful-fs@3.0.11
109 silly idealTree | `-- mkdirp@0.5.1
109 silly idealTree +-- gaze@0.4.3
109 silly idealTree +-- get-stdin@0.1.0
109 silly idealTree +-- get-urls@0.1.2
109 silly idealTree +-- getobject@0.1.0
109 silly idealTree +-- getpass@0.1.6
109 silly idealTree | `-- assert-plus@1.0.0
109 silly idealTree +-- gifsicle@0.1.7
109 silly idealTree +-- glob@3.1.21
109 silly idealTree | `-- inherits@1.0.2
109 silly idealTree +-- globule@0.1.0
109 silly idealTree | `-- lodash@1.0.2
109 silly idealTree +-- got@0.2.0
109 silly idealTree +-- graceful-fs@1.2.3
109 silly idealTree +-- grunt-contrib-clean@0.5.0
109 silly idealTree +-- grunt-contrib-imagemin@0.2.1
109 silly idealTree +-- grunt-contrib-jshint@0.6.5
109 silly idealTree +-- grunt-contrib-uglify@0.2.7
109 silly idealTree +-- grunt-contrib-watch@0.5.3
109 silly idealTree +-- grunt-legacy-log-utils@0.1.1
109 silly idealTree | +-- lodash@2.4.2
109 silly idealTree | `-- underscore.string@2.3.3
109 silly idealTree +-- grunt-legacy-log@0.1.3
109 silly idealTree | +-- lodash@2.4.2
109 silly idealTree | `-- underscore.string@2.3.3
109 silly idealTree +-- grunt-legacy-util@0.2.0
109 silly idealTree +-- grunt-lib-contrib@0.6.1
109 silly idealTree +-- grunt-svgmin@0.2.1
109 silly idealTree | +-- chalk@0.3.0
109 silly idealTree | `-- filesize@2.0.4
109 silly idealTree +-- grunt@0.4.5
109 silly idealTree +-- har-schema@1.0.5
109 silly idealTree +-- har-validator@4.2.1
109 silly idealTree +-- has-ansi@2.0.0
109 silly idealTree +-- has-color@0.1.7
109 silly idealTree +-- hawk@3.1.3
109 silly idealTree +-- hoek@2.16.3
109 silly idealTree +-- hooker@0.2.3
109 silly idealTree +-- http-signature@1.1.1
109 silly idealTree +-- iconv-lite@0.2.11
109 silly idealTree +-- inherits@2.0.3
109 silly idealTree +-- is-typedarray@1.0.0
109 silly idealTree +-- isarray@0.0.1
109 silly idealTree +-- isstream@0.1.2
109 silly idealTree +-- jodid25519@1.0.2
109 silly idealTree +-- jpegtran-bin@0.2.8
109 silly idealTree +-- js-yaml@2.0.5
109 silly idealTree +-- jsbn@0.1.1
109 silly idealTree +-- jshint@2.1.11
109 silly idealTree | `-- underscore@1.4.4
109 silly idealTree +-- json-schema@0.2.3
109 silly idealTree +-- json-stable-stringify@1.0.1
109 silly idealTree +-- json-stringify-safe@5.0.1
109 silly idealTree +-- jsonify@0.0.0
109 silly idealTree +-- jsprim@1.4.0
109 silly idealTree | `-- assert-plus@1.0.0
109 silly idealTree +-- lodash@0.9.2
109 silly idealTree +-- log-symbols@1.0.2
109 silly idealTree | +-- ansi-styles@2.2.1
109 silly idealTree | `-- chalk@1.1.3
109 silly idealTree +-- lru-cache@2.7.3
109 silly idealTree +-- mime-db@1.27.0
109 silly idealTree +-- mime-types@2.1.15
109 silly idealTree +-- minimatch@0.2.14
109 silly idealTree +-- minimist@0.0.8
109 silly idealTree +-- mkdirp@0.3.5
109 silly idealTree +-- mout@0.9.1
109 silly idealTree +-- natives@1.1.0
109 silly idealTree +-- nopt@1.0.10
109 silly idealTree +-- noptify@0.0.3
109 silly idealTree | `-- nopt@2.0.0
109 silly idealTree +-- oauth-sign@0.8.2
109 silly idealTree +-- object-assign@0.3.1
109 silly idealTree +-- object-keys@0.4.0
109 silly idealTree +-- optipng-bin@0.3.11
109 silly idealTree +-- performance-now@0.2.0
109 silly idealTree +-- pngquant-bin@0.1.7
109 silly idealTree | +-- ansi-styles@1.0.0
109 silly idealTree | +-- bin-wrapper@0.2.4
109 silly idealTree | +-- chalk@0.4.0
109 silly idealTree | `-- strip-ansi@0.1.1
109 silly idealTree +-- punycode@1.4.1
109 silly idealTree +-- q@0.8.12
109 silly idealTree +-- qs@6.4.0
109 silly idealTree +-- readable-stream@1.0.34
109 silly idealTree +-- request@2.81.0
109 silly idealTree | `-- uuid@3.0.1
109 silly idealTree +-- rimraf@2.2.8
109 silly idealTree +-- safe-buffer@5.0.1
109 silly idealTree +-- sax@0.5.8
109 silly idealTree +-- shelljs@0.1.4
109 silly idealTree +-- sigmund@1.0.1
109 silly idealTree +-- sntp@1.0.9
109 silly idealTree +-- source-map@0.1.34
109 silly idealTree +-- sprintf-js@1.0.3
109 silly idealTree +-- sshpk@1.11.0
109 silly idealTree | `-- assert-plus@1.0.0
109 silly idealTree +-- stream-combiner@0.0.4
109 silly idealTree +-- string_decoder@0.10.31
109 silly idealTree +-- stringstream@0.0.5
109 silly idealTree +-- strip-ansi@3.0.1
109 silly idealTree +-- supports-color@2.0.0
109 silly idealTree +-- svgo@0.3.7
109 silly idealTree | +-- argparse@1.0.9
109 silly idealTree | +-- esprima@3.1.3
109 silly idealTree | `-- js-yaml@3.8.2
109 silly idealTree +-- tar@0.1.20
109 silly idealTree +-- tempfile@0.1.3
109 silly idealTree +-- through2@0.4.2
109 silly idealTree +-- tiny-lr@0.0.4
109 silly idealTree | `-- qs@0.5.6
109 silly idealTree +-- tough-cookie@2.3.2
109 silly idealTree +-- tunnel-agent@0.6.0
109 silly idealTree +-- tweetnacl@0.14.5
109 silly idealTree +-- uglify-js@2.4.24
109 silly idealTree | `-- async@0.2.10
109 silly idealTree +-- uglify-to-browserify@1.0.2
109 silly idealTree +-- underscore.string@2.2.1
109 silly idealTree +-- underscore@1.7.0
109 silly idealTree +-- uuid@1.4.2
109 silly idealTree +-- verror@1.3.6
109 silly idealTree +-- whet.extend@0.9.9
109 silly idealTree +-- which@1.0.9
109 silly idealTree +-- window-size@0.1.0
109 silly idealTree +-- wordwrap@0.0.2
109 silly idealTree +-- xtend@2.1.2
109 silly idealTree +-- yargs@3.5.4
109 silly idealTree `-- zlib-browserify@0.0.1
110 silly generateActionsToTake Starting
111 silly install generateActionsToTake
112 silly generateActionsToTake Finishing
113 silly diffTrees action count 2
114 silly diffTrees add gifsicle@0.1.7
115 silly diffTrees add grunt-contrib-imagemin@0.2.1
116 silly decomposeActions action count 16
117 silly decomposeActions fetch gifsicle@0.1.7
118 silly decomposeActions extract gifsicle@0.1.7
119 silly decomposeActions test gifsicle@0.1.7
120 silly decomposeActions preinstall gifsicle@0.1.7
121 silly decomposeActions build gifsicle@0.1.7
122 silly decomposeActions install gifsicle@0.1.7
123 silly decomposeActions postinstall gifsicle@0.1.7
124 silly decomposeActions finalize gifsicle@0.1.7
125 silly decomposeActions fetch grunt-contrib-imagemin@0.2.1
126 silly decomposeActions extract grunt-contrib-imagemin@0.2.1
127 silly decomposeActions test grunt-contrib-imagemin@0.2.1
128 silly decomposeActions preinstall grunt-contrib-imagemin@0.2.1
129 silly decomposeActions build grunt-contrib-imagemin@0.2.1
130 silly decomposeActions install grunt-contrib-imagemin@0.2.1
131 silly decomposeActions postinstall grunt-contrib-imagemin@0.2.1
132 silly decomposeActions finalize grunt-contrib-imagemin@0.2.1
133 silly runTopLevelLifecycles Starting
134 silly install runPreinstallTopLevelLifecycles
135 silly preinstall so-simple-theme@
136 info lifecycle so-simple-theme@~preinstall: so-simple-theme@
137 silly lifecycle so-simple-theme@~preinstall: no script for preinstall, continuing
138 silly executeActions Starting
139 silly install executeActions
140 silly doSerial global-install 0
141 silly doParallel fetch 2
142 verbose correctMkdir C:\Users\ch\AppData\Roaming\npm-cache\_locks correctMkdir not in flight; initializing
143 verbose lock using C:\Users\ch\AppData\Roaming\npm-cache\_locks\staging-e17d4ef8e41bfca4.lock for D:\profile\jekyllBlog\vomvoru.github.io\node_modules\.staging
144 silly doParallel extract 2
145 silly extract gifsicle@0.1.7
146 silly extract grunt-contrib-imagemin@0.2.1
147 verbose unbuild node_modules\.staging\grunt-contrib-imagemin-c86b7216
148 verbose unbuild node_modules\.staging\gifsicle-0a50de9a
149 silly gentlyRm D:\profile\jekyllBlog\vomvoru.github.io\node_modules\.staging\grunt-contrib-imagemin-c86b7216 is being purged from base D:\profile\jekyllBlog\vomvoru.github.io
150 verbose gentlyRm don't care about contents; nuking D:\profile\jekyllBlog\vomvoru.github.io\node_modules\.staging\grunt-contrib-imagemin-c86b7216
151 silly gentlyRm D:\profile\jekyllBlog\vomvoru.github.io\node_modules\.staging\gifsicle-0a50de9a is being purged from base D:\profile\jekyllBlog\vomvoru.github.io
152 verbose gentlyRm don't care about contents; nuking D:\profile\jekyllBlog\vomvoru.github.io\node_modules\.staging\gifsicle-0a50de9a
153 verbose tar unpack C:\Users\ch\AppData\Roaming\npm-cache\grunt-contrib-imagemin\0.2.1\package.tgz
154 verbose tar unpacking to D:\profile\jekyllBlog\vomvoru.github.io\node_modules\.staging\grunt-contrib-imagemin-c86b7216
155 silly gentlyRm D:\profile\jekyllBlog\vomvoru.github.io\node_modules\.staging\grunt-contrib-imagemin-c86b7216 is being purged
156 verbose gentlyRm don't care about contents; nuking D:\profile\jekyllBlog\vomvoru.github.io\node_modules\.staging\grunt-contrib-imagemin-c86b7216
157 verbose tar unpack C:\Users\ch\AppData\Roaming\npm-cache\gifsicle\0.1.7\package.tgz
158 verbose tar unpacking to D:\profile\jekyllBlog\vomvoru.github.io\node_modules\.staging\gifsicle-0a50de9a
159 silly gentlyRm D:\profile\jekyllBlog\vomvoru.github.io\node_modules\.staging\gifsicle-0a50de9a is being purged
160 verbose gentlyRm don't care about contents; nuking D:\profile\jekyllBlog\vomvoru.github.io\node_modules\.staging\gifsicle-0a50de9a
161 silly gunzTarPerm modes [ '777', '666' ]
162 silly gunzTarPerm modes [ '777', '666' ]
163 silly gunzTarPerm extractEntry package.json
164 silly gunzTarPerm modified mode [ 'package.json', 420, 438 ]
165 silly gunzTarPerm extractEntry package.json
166 silly gunzTarPerm extractEntry README.md
167 silly gunzTarPerm modified mode [ 'README.md', 420, 438 ]
168 silly gunzTarPerm extractEntry tasks/imagemin.js
169 silly gunzTarPerm modified mode [ 'tasks/imagemin.js', 420, 438 ]
170 silly gunzTarPerm extractEntry README.md
171 silly gunzTarPerm extractEntry cli.js
172 silly gunzTarPerm extractEntry index.js
173 silly gentlyRm D:\profile\jekyllBlog\vomvoru.github.io\node_modules\.staging\grunt-contrib-imagemin-c86b7216\node_modules is being purged
174 verbose gentlyRm don't care about contents; nuking D:\profile\jekyllBlog\vomvoru.github.io\node_modules\.staging\grunt-contrib-imagemin-c86b7216\node_modules
175 silly gentlyRm D:\profile\jekyllBlog\vomvoru.github.io\node_modules\.staging\gifsicle-0a50de9a\node_modules is being purged
176 verbose gentlyRm don't care about contents; nuking D:\profile\jekyllBlog\vomvoru.github.io\node_modules\.staging\gifsicle-0a50de9a\node_modules
177 silly doParallel preinstall 2
178 silly preinstall gifsicle@0.1.7
179 info lifecycle gifsicle@0.1.7~preinstall: gifsicle@0.1.7
180 silly preinstall grunt-contrib-imagemin@0.2.1
181 info lifecycle grunt-contrib-imagemin@0.2.1~preinstall: grunt-contrib-imagemin@0.2.1
182 silly lifecycle gifsicle@0.1.7~preinstall: no script for preinstall, continuing
183 silly lifecycle grunt-contrib-imagemin@0.2.1~preinstall: no script for preinstall, continuing
184 silly doReverseSerial remove 0
185 silly doSerial move 0
186 silly doSerial finalize 2
187 silly finalize D:\profile\jekyllBlog\vomvoru.github.io\node_modules\gifsicle
188 silly finalize D:\profile\jekyllBlog\vomvoru.github.io\node_modules\grunt-contrib-imagemin
189 silly doSerial build 2
190 silly build gifsicle@0.1.7
191 info linkStuff gifsicle@0.1.7
192 silly linkStuff gifsicle@0.1.7 has D:\profile\jekyllBlog\vomvoru.github.io\node_modules as its parent node_modules
193 verbose linkBins gifsicle@0.1.7
194 verbose linkBins [ { gifsicle: 'cli.js' },
194 verbose linkBins   'D:\\profile\\jekyllBlog\\vomvoru.github.io\\node_modules\\.bin',
194 verbose linkBins   false ]
195 verbose linkMans gifsicle@0.1.7
196 silly build grunt-contrib-imagemin@0.2.1
197 info linkStuff grunt-contrib-imagemin@0.2.1
198 silly linkStuff grunt-contrib-imagemin@0.2.1 has D:\profile\jekyllBlog\vomvoru.github.io\node_modules as its parent node_modules
199 verbose linkBins grunt-contrib-imagemin@0.2.1
200 verbose linkMans grunt-contrib-imagemin@0.2.1
201 silly doSerial global-link 0
202 silly doParallel update-linked 0
203 silly doSerial install 2
204 silly install gifsicle@0.1.7
205 info lifecycle gifsicle@0.1.7~install: gifsicle@0.1.7
206 silly lifecycle gifsicle@0.1.7~install: no script for install, continuing
207 silly install grunt-contrib-imagemin@0.2.1
208 info lifecycle grunt-contrib-imagemin@0.2.1~install: grunt-contrib-imagemin@0.2.1
209 silly lifecycle grunt-contrib-imagemin@0.2.1~install: no script for install, continuing
210 silly doSerial postinstall 2
211 silly postinstall gifsicle@0.1.7
212 info lifecycle gifsicle@0.1.7~postinstall: gifsicle@0.1.7
213 verbose lifecycle gifsicle@0.1.7~postinstall: unsafe-perm in lifecycle true
214 verbose lifecycle gifsicle@0.1.7~postinstall: PATH: C:\Users\ch\AppData\Roaming\npm\node_modules\npm\bin\node-gyp-bin;D:\profile\jekyllBlog\vomvoru.github.io\node_modules\gifsicle\node_modules\.bin;D:\profile\jekyllBlog\vomvoru.github.io\node_modules\.bin;F:\Program Files\ConEmu\ConEmu\Scripts;F:\Program Files\ConEmu;F:\Program Files\ConEmu\ConEmu;F:\Python27\;F:\Python27\Scripts;F:\Python3\Scripts\;F:\Python3\;C:\Windows\system32;C:\Windows;C:\Windows\System32\Wbem;C:\Windows\System32\WindowsPowerShell\v1.0\;C:\Program Files (x86)\NVIDIA Corporation\PhysX\Common;F:\Program Files\nodejs\;F:\Program Files\Git\cmd;F:\Program Files\Git\mingw64\bin;F:\Program Files\Git\usr\bin;F:\Program Files (x86)\PuTTY\;C:\Program Files (x86)\Windows Kits\8.1\Windows Performance Toolkit\;F:\Ruby23-x64\bin;F:\Program Files\Bandizip\7z;C:\Users\ch\AppData\Local\atom\bin;C:\Users\ch\AppData\Roaming\npm
215 verbose lifecycle gifsicle@0.1.7~postinstall: CWD: D:\profile\jekyllBlog\vomvoru.github.io\node_modules\gifsicle
216 silly lifecycle gifsicle@0.1.7~postinstall: Args: [ '/d /s /c', 'node index.js' ]
217 silly lifecycle gifsicle@0.1.7~postinstall: Returned: code: 1  signal: null
218 info lifecycle gifsicle@0.1.7~postinstall: Failed to exec postinstall script
219 verbose unlock done using C:\Users\ch\AppData\Roaming\npm-cache\_locks\staging-e17d4ef8e41bfca4.lock for D:\profile\jekyllBlog\vomvoru.github.io\node_modules\.staging
220 silly rollbackFailedOptional Starting
221 silly gentlyRm D:\profile\jekyllBlog\vomvoru.github.io\node_modules\gifsicle is being purged from base D:\profile\jekyllBlog\vomvoru.github.io
222 verbose gentlyRm don't care about contents; nuking D:\profile\jekyllBlog\vomvoru.github.io\node_modules\gifsicle
223 silly gentlyRm D:\profile\jekyllBlog\vomvoru.github.io\node_modules\gifsicle is being purged from base D:\profile\jekyllBlog\vomvoru.github.io
224 verbose gentlyRm don't care about contents; nuking D:\profile\jekyllBlog\vomvoru.github.io\node_modules\gifsicle
225 silly gentlyRm D:\profile\jekyllBlog\vomvoru.github.io\node_modules\gifsicle is being purged from base D:\profile\jekyllBlog\vomvoru.github.io
226 verbose gentlyRm don't care about contents; nuking D:\profile\jekyllBlog\vomvoru.github.io\node_modules\gifsicle
227 silly gentlyRm D:\profile\jekyllBlog\vomvoru.github.io\node_modules\gifsicle is being purged from base D:\profile\jekyllBlog\vomvoru.github.io
228 verbose gentlyRm don't care about contents; nuking D:\profile\jekyllBlog\vomvoru.github.io\node_modules\gifsicle
229 silly gentlyRm D:\profile\jekyllBlog\vomvoru.github.io\node_modules\gifsicle is being purged from base D:\profile\jekyllBlog\vomvoru.github.io
230 verbose gentlyRm don't care about contents; nuking D:\profile\jekyllBlog\vomvoru.github.io\node_modules\gifsicle
231 silly gentlyRm D:\profile\jekyllBlog\vomvoru.github.io\node_modules\gifsicle is being purged from base D:\profile\jekyllBlog\vomvoru.github.io
232 verbose gentlyRm don't care about contents; nuking D:\profile\jekyllBlog\vomvoru.github.io\node_modules\gifsicle
233 silly gentlyRm D:\profile\jekyllBlog\vomvoru.github.io\node_modules\gifsicle is being purged from base D:\profile\jekyllBlog\vomvoru.github.io
234 verbose gentlyRm don't care about contents; nuking D:\profile\jekyllBlog\vomvoru.github.io\node_modules\gifsicle
235 silly gentlyRm D:\profile\jekyllBlog\vomvoru.github.io\node_modules\gifsicle is being purged from base D:\profile\jekyllBlog\vomvoru.github.io
236 verbose gentlyRm don't care about contents; nuking D:\profile\jekyllBlog\vomvoru.github.io\node_modules\gifsicle
237 silly gentlyRm D:\profile\jekyllBlog\vomvoru.github.io\node_modules\grunt-contrib-imagemin is being purged from base D:\profile\jekyllBlog\vomvoru.github.io
238 verbose gentlyRm don't care about contents; nuking D:\profile\jekyllBlog\vomvoru.github.io\node_modules\grunt-contrib-imagemin
239 silly gentlyRm D:\profile\jekyllBlog\vomvoru.github.io\node_modules\grunt-contrib-imagemin is being purged from base D:\profile\jekyllBlog\vomvoru.github.io
240 verbose gentlyRm don't care about contents; nuking D:\profile\jekyllBlog\vomvoru.github.io\node_modules\grunt-contrib-imagemin
241 silly gentlyRm D:\profile\jekyllBlog\vomvoru.github.io\node_modules\grunt-contrib-imagemin is being purged from base D:\profile\jekyllBlog\vomvoru.github.io
242 verbose gentlyRm don't care about contents; nuking D:\profile\jekyllBlog\vomvoru.github.io\node_modules\grunt-contrib-imagemin
243 silly gentlyRm D:\profile\jekyllBlog\vomvoru.github.io\node_modules\grunt-contrib-imagemin is being purged from base D:\profile\jekyllBlog\vomvoru.github.io
244 verbose gentlyRm don't care about contents; nuking D:\profile\jekyllBlog\vomvoru.github.io\node_modules\grunt-contrib-imagemin
245 silly gentlyRm D:\profile\jekyllBlog\vomvoru.github.io\node_modules\grunt-contrib-imagemin is being purged from base D:\profile\jekyllBlog\vomvoru.github.io
246 verbose gentlyRm don't care about contents; nuking D:\profile\jekyllBlog\vomvoru.github.io\node_modules\grunt-contrib-imagemin
247 silly gentlyRm D:\profile\jekyllBlog\vomvoru.github.io\node_modules\grunt-contrib-imagemin is being purged from base D:\profile\jekyllBlog\vomvoru.github.io
248 verbose gentlyRm don't care about contents; nuking D:\profile\jekyllBlog\vomvoru.github.io\node_modules\grunt-contrib-imagemin
249 silly gentlyRm D:\profile\jekyllBlog\vomvoru.github.io\node_modules\grunt-contrib-imagemin is being purged from base D:\profile\jekyllBlog\vomvoru.github.io
250 verbose gentlyRm don't care about contents; nuking D:\profile\jekyllBlog\vomvoru.github.io\node_modules\grunt-contrib-imagemin
251 silly gentlyRm D:\profile\jekyllBlog\vomvoru.github.io\node_modules\grunt-contrib-imagemin is being purged from base D:\profile\jekyllBlog\vomvoru.github.io
252 verbose gentlyRm don't care about contents; nuking D:\profile\jekyllBlog\vomvoru.github.io\node_modules\grunt-contrib-imagemin
253 silly vacuum-fs purging D:\profile\jekyllBlog\vomvoru.github.io\node_modules\gifsicle
254 silly vacuum-fs purging D:\profile\jekyllBlog\vomvoru.github.io\node_modules\gifsicle
255 silly vacuum-fs purging D:\profile\jekyllBlog\vomvoru.github.io\node_modules\gifsicle
256 silly vacuum-fs purging D:\profile\jekyllBlog\vomvoru.github.io\node_modules\gifsicle
257 silly vacuum-fs purging D:\profile\jekyllBlog\vomvoru.github.io\node_modules\gifsicle
258 silly vacuum-fs purging D:\profile\jekyllBlog\vomvoru.github.io\node_modules\gifsicle
259 silly vacuum-fs purging D:\profile\jekyllBlog\vomvoru.github.io\node_modules\gifsicle
260 silly vacuum-fs purging D:\profile\jekyllBlog\vomvoru.github.io\node_modules\gifsicle
261 silly vacuum-fs purging D:\profile\jekyllBlog\vomvoru.github.io\node_modules\grunt-contrib-imagemin
262 silly vacuum-fs purging D:\profile\jekyllBlog\vomvoru.github.io\node_modules\grunt-contrib-imagemin
263 silly vacuum-fs purging D:\profile\jekyllBlog\vomvoru.github.io\node_modules\grunt-contrib-imagemin
264 silly vacuum-fs purging D:\profile\jekyllBlog\vomvoru.github.io\node_modules\grunt-contrib-imagemin
265 silly vacuum-fs purging D:\profile\jekyllBlog\vomvoru.github.io\node_modules\grunt-contrib-imagemin
266 silly vacuum-fs purging D:\profile\jekyllBlog\vomvoru.github.io\node_modules\grunt-contrib-imagemin
267 silly vacuum-fs purging D:\profile\jekyllBlog\vomvoru.github.io\node_modules\grunt-contrib-imagemin
268 silly vacuum-fs purging D:\profile\jekyllBlog\vomvoru.github.io\node_modules\grunt-contrib-imagemin
269 silly vacuum-fs quitting because other entries in D:\profile\jekyllBlog\vomvoru.github.io\node_modules
270 silly vacuum-fs quitting because other entries in D:\profile\jekyllBlog\vomvoru.github.io\node_modules
271 silly vacuum-fs quitting because other entries in D:\profile\jekyllBlog\vomvoru.github.io\node_modules
272 silly vacuum-fs quitting because other entries in D:\profile\jekyllBlog\vomvoru.github.io\node_modules
273 silly vacuum-fs quitting because other entries in D:\profile\jekyllBlog\vomvoru.github.io\node_modules
274 silly vacuum-fs quitting because other entries in D:\profile\jekyllBlog\vomvoru.github.io\node_modules
275 silly vacuum-fs quitting because other entries in D:\profile\jekyllBlog\vomvoru.github.io\node_modules
276 silly vacuum-fs quitting because other entries in D:\profile\jekyllBlog\vomvoru.github.io\node_modules
277 silly vacuum-fs quitting because other entries in D:\profile\jekyllBlog\vomvoru.github.io\node_modules
278 silly vacuum-fs quitting because other entries in D:\profile\jekyllBlog\vomvoru.github.io\node_modules
279 silly vacuum-fs quitting because other entries in D:\profile\jekyllBlog\vomvoru.github.io\node_modules
280 silly vacuum-fs quitting because other entries in D:\profile\jekyllBlog\vomvoru.github.io\node_modules
281 silly vacuum-fs quitting because other entries in D:\profile\jekyllBlog\vomvoru.github.io\node_modules
282 silly vacuum-fs quitting because other entries in D:\profile\jekyllBlog\vomvoru.github.io\node_modules
283 silly vacuum-fs quitting because other entries in D:\profile\jekyllBlog\vomvoru.github.io\node_modules
284 silly vacuum-fs quitting because other entries in D:\profile\jekyllBlog\vomvoru.github.io\node_modules
285 silly rollbackFailedOptional Finishing
286 silly runTopLevelLifecycles Finishing
287 silly install printInstalled
288 warn so-simple-theme@ No license field.
289 verbose If you need help, you may report this error at:
289 verbose     <https://github.com/npm/npm/issues>
290 verbose stack Error: gifsicle@0.1.7 postinstall: `node index.js`
290 verbose stack Exit status 1
290 verbose stack     at EventEmitter.<anonymous> (C:\Users\ch\AppData\Roaming\npm\node_modules\npm\lib\utils\lifecycle.js:279:16)
290 verbose stack     at emitTwo (events.js:106:13)
290 verbose stack     at EventEmitter.emit (events.js:191:7)
290 verbose stack     at ChildProcess.<anonymous> (C:\Users\ch\AppData\Roaming\npm\node_modules\npm\lib\utils\spawn.js:40:14)
290 verbose stack     at emitTwo (events.js:106:13)
290 verbose stack     at ChildProcess.emit (events.js:191:7)
290 verbose stack     at maybeClose (internal/child_process.js:877:16)
290 verbose stack     at Process.ChildProcess._handle.onexit (internal/child_process.js:226:5)
291 verbose pkgid gifsicle@0.1.7
292 verbose cwd D:\profile\jekyllBlog\vomvoru.github.io
293 error Windows_NT 6.3.9600
294 error argv "F:\\Program Files\\nodejs\\node.exe" "C:\\Users\\ch\\AppData\\Roaming\\npm\\node_modules\\npm\\bin\\npm-cli.js" "install"
295 error node v6.9.2
296 error npm  v4.1.2
297 error code ELIFECYCLE
298 error gifsicle@0.1.7 postinstall: `node index.js`
298 error Exit status 1
299 error Failed at the gifsicle@0.1.7 postinstall script 'node index.js'.
299 error Make sure you have the latest version of node.js and npm installed.
299 error If you do, this is most likely a problem with the gifsicle package,
299 error not with npm itself.
299 error Tell the author that this fails on your system:
299 error     node index.js
299 error You can get information on how to open an issue for this project with:
299 error     npm bugs gifsicle
299 error Or if that isn't available, you can get their info via:
299 error     npm owner ls gifsicle
299 error There is likely additional logging output above.
300 verbose exit [ 1, true ]
